<> using ridge regression with alpha = 0.0005

<><><> model type = 'x1b_A1B4_v1x'

>> dumping initial model as 'fit-1b-initial.cdl' >>

'equiladded_bf4_training_set_cutoff_scaled.xyz' : 8123 monomers loaded

>>   E_min = 0 kcal/mol
>> E_range = 50 kcal/mol

>> training set size = 8123
>>    effective size = 7863


<> initial simplex sides:
0 : 0.1
1 : 0.1
2 : 0.1
3 : 0.1
<#> chisq = 0.177458 : penaltysq = 0.00275244
<#> chisq = 0.222509 : penaltysq = 0.00214875
<#> chisq = 0.197372 : penaltysq = 0.00276457
<#> chisq = 0.181618 : penaltysq = 0.00311116
<#> chisq = 0.177972 : penaltysq = 0.00218762
<#> chisq = 0.15062 : penaltysq = 0.00339953
<#> chisq = 0.128191 : penaltysq = 0.00442731
1 0.128191 0.11
<#> chisq = 0.150742 : penaltysq = 0.00312291
2 0.128191 0.11
<#> chisq = 0.134823 : penaltysq = 0.0029242
3 0.128191 0.11
<#> chisq = 0.122573 : penaltysq = 0.00440116
<#> chisq = 0.109639 : penaltysq = 0.00547038
4 0.109639 0.138362
<#> chisq = 0.10479 : penaltysq = 0.0050207
<#> chisq = 0.0992679 : penaltysq = 0.00495087
5 0.0992679 0.206491
<#> chisq = 0.0921425 : penaltysq = 0.00908551
<#> chisq = 0.116422 : penaltysq = 0.0242889
6 0.0921425 0.206491
<#> chisq = 0.0942002 : penaltysq = 0.01115
7 0.0921425 0.206491
<#> chisq = 0.104626 : penaltysq = 0.00887181
8 0.0921425 0.206491
<#> chisq = 0.13094 : penaltysq = 0.0190344
<#> chisq = 0.0982077 : penaltysq = 0.00626636
9 0.0921425 0.159015
<#> chisq = 0.114225 : penaltysq = 0.00545254
<#> chisq = 0.0970648 : penaltysq = 0.00740194
10 0.0921425 0.118248

<> solution:
0 : 2.82493
1 : 1.55831
2 : 3.22973
3 : 1.34985
<>
<#> chisq = 0.09355 : penaltysq = 0.0139476
11 0.0921425 0.118248
<#> chisq = 0.107974 : penaltysq = 0.0215233
<#> chisq = 0.0944553 : penaltysq = 0.00770838
12 0.0921425 0.104582
<#> chisq = 0.0973572 : penaltysq = 0.0121166
<#> chisq = 0.0940131 : penaltysq = 0.00864879
13 0.0921425 0.0905286
<#> chisq = 0.0952817 : penaltysq = 0.0155393
<#> chisq = 0.0931533 : penaltysq = 0.00895323
14 0.0921425 0.0873309
<#> chisq = 0.0919899 : penaltysq = 0.00892703
<#> chisq = 0.0937912 : penaltysq = 0.00743813
15 0.0919899 0.0873309
<#> chisq = 0.0944972 : penaltysq = 0.0102429
<#> chisq = 0.0926097 : penaltysq = 0.00941357
16 0.0919899 0.0762563
<#> chisq = 0.0945967 : penaltysq = 0.00640729
<#> chisq = 0.0921664 : penaltysq = 0.0112533
17 0.0919899 0.0628594
<#> chisq = 0.0913826 : penaltysq = 0.0100942
<#> chisq = 0.0920574 : penaltysq = 0.0100253
18 0.0913826 0.0628594
<#> chisq = 0.0933782 : penaltysq = 0.00926489
<#> chisq = 0.0918845 : penaltysq = 0.00972057
19 0.0913826 0.0528944
<#> chisq = 0.0925133 : penaltysq = 0.00778054
<#> chisq = 0.0917513 : penaltysq = 0.0103526
20 0.0913826 0.0422537

<> solution:
0 : 2.79307
1 : 1.55977
2 : 3.28182
3 : 1.32877
<>
<#> chisq = 0.0914412 : penaltysq = 0.0105717
21 0.0913826 0.0422537
<#> chisq = 0.0918045 : penaltysq = 0.0117691
22 0.0913826 0.0422537
<#> chisq = 0.0913815 : penaltysq = 0.011719
<#> chisq = 0.0919061 : penaltysq = 0.0127225
23 0.0913815 0.0422537
<#> chisq = 0.0916707 : penaltysq = 0.00962596
24 0.0913815 0.0422537
<#> chisq = 0.0910882 : penaltysq = 0.0105038
<#> chisq = 0.091237 : penaltysq = 0.0103695
25 0.091237 0.0616584
<#> chisq = 0.0910126 : penaltysq = 0.0120983
<#> chisq = 0.0916124 : penaltysq = 0.0136747
26 0.0910126 0.0616584
<#> chisq = 0.0922686 : penaltysq = 0.0109845
<#> chisq = 0.0910772 : penaltysq = 0.0108885
27 0.0910126 0.0572514
<#> chisq = 0.0910462 : penaltysq = 0.0127877
28 0.0910126 0.0572514
<#> chisq = 0.0904546 : penaltysq = 0.0113785
<#> chisq = 0.0901455 : penaltysq = 0.0112312
29 0.0901455 0.0720106
<#> chisq = 0.0913487 : penaltysq = 0.0127855
<#> chisq = 0.0907967 : penaltysq = 0.0110794
30 0.0901455 0.0673667

<> solution:
0 : 2.71067
1 : 1.55354
2 : 3.47016
3 : 1.30235
<>
<#> chisq = 0.0908192 : penaltysq = 0.0126695
31 0.0901455 0.0673667
<#> chisq = 0.0903261 : penaltysq = 0.0106863
32 0.0901455 0.0673667
<#> chisq = 0.0906611 : penaltysq = 0.0106335
33 0.0901455 0.0673667
<#> chisq = 0.0906408 : penaltysq = 0.00943312
34 0.0901455 0.0673667
<#> chisq = 0.090107 : penaltysq = 0.00991551
<#> chisq = 0.0900731 : penaltysq = 0.00945492
35 0.0900731 0.10021
<#> chisq = 0.0899105 : penaltysq = 0.00968592
<#> chisq = 0.0899849 : penaltysq = 0.0092463
36 0.0899849 0.109839
<#> chisq = 0.0893164 : penaltysq = 0.0108462
<#> chisq = 0.089014 : penaltysq = 0.0116985
37 0.089014 0.113942
<#> chisq = 0.0889305 : penaltysq = 0.0101006
<#> chisq = 0.0886621 : penaltysq = 0.00998171
38 0.0886621 0.131479
<#> chisq = 0.088389 : penaltysq = 0.00894369
<#> chisq = 0.0880634 : penaltysq = 0.0080815
39 0.0880634 0.162619
<#> chisq = 0.0883726 : penaltysq = 0.00946832
40 0.0880634 0.162619

<> solution:
0 : 2.77249
1 : 1.53088
2 : 3.87922
3 : 1.30927
<>
<#> chisq = 0.0873516 : penaltysq = 0.0108542
<#> chisq = 0.0875318 : penaltysq = 0.0126055
41 0.0875318 0.258626
<#> chisq = 0.0884596 : penaltysq = 0.00861139
42 0.0875318 0.258626
<#> chisq = 0.0871087 : penaltysq = 0.00903389
<#> chisq = 0.0874224 : penaltysq = 0.00877897
43 0.0874224 0.310952
<#> chisq = 0.0864823 : penaltysq = 0.0104514
<#> chisq = 0.0873657 : penaltysq = 0.0118546
44 0.0873657 0.3196
<#> chisq = 0.0861823 : penaltysq = 0.0113305
<#> chisq = 0.0873045 : penaltysq = 0.0134098
45 0.0873045 0.482363
<#> chisq = 0.0916598 : penaltysq = 0.0171141
<#> chisq = 0.0865354 : penaltysq = 0.00936619
46 0.0865354 0.441025
<#> chisq = 0.0849509 : penaltysq = 0.00833265
<#> chisq = 0.0843891 : penaltysq = 0.00658995
47 0.0843891 0.457449
<#> chisq = 0.0905353 : penaltysq = 0.00997702
<#> chisq = 0.0858341 : penaltysq = 0.00929087
48 0.0843891 0.457207
<#> chisq = 0.0859765 : penaltysq = 0.00835205
49 0.0843891 0.457207
<#> chisq = 0.0870669 : penaltysq = 0.00554526
<#> chisq = 0.0858942 : penaltysq = 0.00665752
50 0.0843891 0.422438

<> solution:
0 : 2.97912
1 : 1.47293
2 : 4.67928
3 : 1.19269
<>
<#> chisq = 0.0853882 : penaltysq = 0.00642848
51 0.0843891 0.422438
<#> chisq = 0.0848685 : penaltysq = 0.0070243
52 0.0843891 0.422438
<#> chisq = 0.0847525 : penaltysq = 0.00757565
53 0.0843891 0.422438
<#> chisq = 0.0842244 : penaltysq = 0.00464213
<#> chisq = 0.0847026 : penaltysq = 0.00321973
54 0.0842244 0.422438
<#> chisq = 0.0854139 : penaltysq = 0.00781843
<#> chisq = 0.084629 : penaltysq = 0.00625125
55 0.0842244 0.351391
<#> chisq = 0.0847067 : penaltysq = 0.00629782
56 0.0842244 0.351391
<#> chisq = 0.0841767 : penaltysq = 0.00450638
<#> chisq = 0.0843487 : penaltysq = 0.00348886
57 0.0841767 0.351391
<#> chisq = 0.0846615 : penaltysq = 0.00516541
<#> chisq = 0.0843218 : penaltysq = 0.0051605
58 0.0841767 0.259294
<#> chisq = 0.0839216 : penaltysq = 0.00417667
<#> chisq = 0.0839293 : penaltysq = 0.00341205
59 0.0839293 0.268542
<#> chisq = 0.0840622 : penaltysq = 0.00286346
60 0.0839293 0.268542

<> solution:
0 : 3.25188
1 : 1.47499
2 : 4.7773
3 : 1.18431
<>
<#> chisq = 0.0841272 : penaltysq = 0.00272926
61 0.0839293 0.268542
<#> chisq = 0.0837517 : penaltysq = 0.00229116
<#> chisq = 0.0837783 : penaltysq = 0.00159277
62 0.0837783 0.312405
<#> chisq = 0.0839553 : penaltysq = 0.00144489
63 0.0837783 0.312405
<#> chisq = 0.0839458 : penaltysq = 0.00176606
64 0.0837783 0.312405
<#> chisq = 0.0847558 : penaltysq = 0.00124903
<#> chisq = 0.0837707 : penaltysq = 0.00233611
65 0.0837707 0.309914
<#> chisq = 0.0841952 : penaltysq = 0.00326442
<#> chisq = 0.0837817 : penaltysq = 0.00175508
66 0.0837707 0.300365
<#> chisq = 0.0839224 : penaltysq = 0.00272195
67 0.0837707 0.300365
<#> chisq = 0.0838026 : penaltysq = 0.00127203
68 0.0837707 0.300365
<#> chisq = 0.0838168 : penaltysq = 0.00103302
<#> chisq = 0.0837336 : penaltysq = 0.00131779
69 0.0837336 0.296472
<#> chisq = 0.0839149 : penaltysq = 0.00243153
<#> chisq = 0.0837173 : penaltysq = 0.00146374
70 0.0837173 0.218072

<> solution:
0 : 3.54466
1 : 1.45816
2 : 5.63545
3 : 1.17294
<>
<#> chisq = 0.0838644 : penaltysq = 0.00157009
<#> chisq = 0.0837255 : penaltysq = 0.00168302
71 0.0837173 0.190218
<#> chisq = 0.0837847 : penaltysq = 0.00177909
<#> chisq = 0.0837319 : penaltysq = 0.00162002
72 0.0837173 0.173668
<#> chisq = 0.0837475 : penaltysq = 0.000979502
<#> chisq = 0.0837218 : penaltysq = 0.00121669
73 0.0837173 0.126188
<#> chisq = 0.0837251 : penaltysq = 0.00167003
74 0.0837173 0.126188
<#> chisq = 0.0837218 : penaltysq = 0.00137797
75 0.0837173 0.126188
<#> chisq = 0.0837096 : penaltysq = 0.00121896
<#> chisq = 0.083739 : penaltysq = 0.0010535
76 0.0837096 0.126188
<#> chisq = 0.0837044 : penaltysq = 0.00103285
<#> chisq = 0.083721 : penaltysq = 0.000812185
77 0.0837044 0.126188
<#> chisq = 0.0837388 : penaltysq = 0.00109093
<#> chisq = 0.0837044 : penaltysq = 0.00129711
78 0.0837044 0.112186
<#> chisq = 0.0837653 : penaltysq = 0.00127198
<#> chisq = 0.0837113 : penaltysq = 0.00122927
79 0.0837044 0.105562
<#> chisq = 0.0837133 : penaltysq = 0.000965596
<#> chisq = 0.0837004 : penaltysq = 0.0010718
80 0.0837004 0.092757

<> solution:
0 : 3.63775
1 : 1.46332
2 : 5.83265
3 : 1.17866
<>
<#> chisq = 0.0837132 : penaltysq = 0.00107615
<#> chisq = 0.0837025 : penaltysq = 0.00118855
81 0.0837004 0.0849252
<#> chisq = 0.0836989 : penaltysq = 0.00107762
<#> chisq = 0.0837051 : penaltysq = 0.00102462
82 0.0836989 0.0849252
<#> chisq = 0.0837086 : penaltysq = 0.00129097
<#> chisq = 0.0837032 : penaltysq = 0.0010918
83 0.0836989 0.0783127
<#> chisq = 0.0837402 : penaltysq = 0.000942
<#> chisq = 0.083704 : penaltysq = 0.00119758
84 0.0836989 0.0718532
<#> chisq = 0.0837014 : penaltysq = 0.00102056
85 0.0836989 0.0718532
<#> chisq = 0.0837009 : penaltysq = 0.00108248
86 0.0836989 0.0718532
<#> chisq = 0.0836993 : penaltysq = 0.000949241
87 0.0836989 0.0718532
<#> chisq = 0.0837007 : penaltysq = 0.00106645
88 0.0836989 0.0718532
<#> chisq = 0.0837009 : penaltysq = 0.000997864
<#> chisq = 0.083699 : penaltysq = 0.0010605
89 0.0836989 0.0714037
<#> chisq = 0.0837011 : penaltysq = 0.0010101
<#> chisq = 0.0837005 : penaltysq = 0.0010519
90 0.0836989 0.069402

<> solution:
0 : 3.64029
1 : 1.46461
2 : 5.62066
3 : 1.18101
<>
<#> chisq = 0.083702 : penaltysq = 0.00102373
<#> chisq = 0.0837034 : penaltysq = 0.00104474
<#> chisq = 0.0836982 : penaltysq = 0.00107316
<#> chisq = 0.0836988 : penaltysq = 0.00106862
<#> chisq = 0.0836998 : penaltysq = 0.00101127
<#> chisq = 0.0836986 : penaltysq = 0.00106446
91 0.0836982 0.034701
<#> chisq = 0.0836986 : penaltysq = 0.00113367
92 0.0836982 0.034701
<#> chisq = 0.0837068 : penaltysq = 0.00109276
<#> chisq = 0.083699 : penaltysq = 0.0010809
<#> chisq = 0.0837013 : penaltysq = 0.00107496
<#> chisq = 0.083698 : penaltysq = 0.00107078
<#> chisq = 0.0836982 : penaltysq = 0.00110294
<#> chisq = 0.0837017 : penaltysq = 0.00106863
93 0.083698 0.0173505
<#> chisq = 0.0836979 : penaltysq = 0.00109218
<#> chisq = 0.0837016 : penaltysq = 0.00110417
94 0.0836979 0.0173505
<#> chisq = 0.0836975 : penaltysq = 0.00109486
<#> chisq = 0.0836978 : penaltysq = 0.00110551
95 0.0836978 0.0285777
<#> chisq = 0.0836976 : penaltysq = 0.00106785
<#> chisq = 0.0837029 : penaltysq = 0.00105095
96 0.0836976 0.0285777
<#> chisq = 0.083699 : penaltysq = 0.0010946
<#> chisq = 0.083699 : penaltysq = 0.00107847
<#> chisq = 0.0836987 : penaltysq = 0.00108649
<#> chisq = 0.0837104 : penaltysq = 0.00107048
<#> chisq = 0.083701 : penaltysq = 0.00106921
<#> chisq = 0.083698 : penaltysq = 0.00107988
97 0.0836976 0.0142888
<#> chisq = 0.0836988 : penaltysq = 0.00108114
98 0.0836976 0.0142888
<#> chisq = 0.0836984 : penaltysq = 0.00108862
99 0.0836976 0.0142888
<#> chisq = 0.0837098 : penaltysq = 0.00108016
<#> chisq = 0.0837007 : penaltysq = 0.00108089
<#> chisq = 0.0837005 : penaltysq = 0.00107712
<#> chisq = 0.0836975 : penaltysq = 0.00107447
<#> chisq = 0.0837054 : penaltysq = 0.00107817
<#> chisq = 0.0836999 : penaltysq = 0.00107383
100 0.0836975 0.00714442

<> solution:
0 : 3.63745
1 : 1.46401
2 : 5.75054
3 : 1.17992
<>
<#> chisq = 0.0836991 : penaltysq = 0.0010685
101 0.0836975 0.00714442
<#> chisq = 0.0836976 : penaltysq = 0.00106527
102 0.0836975 0.00714442
<#> chisq = 0.083699 : penaltysq = 0.00106421
103 0.0836975 0.00714442
<#> chisq = 0.0836976 : penaltysq = 0.00106738
104 0.0836975 0.00714442
<#> chisq = 0.0837012 : penaltysq = 0.00107326
<#> chisq = 0.0836976 : penaltysq = 0.00106647
105 0.0836975 0.00713077
<#> chisq = 0.0836977 : penaltysq = 0.00106964
<#> chisq = 0.0836981 : penaltysq = 0.00106794
<#> chisq = 0.0836991 : penaltysq = 0.00106985
<#> chisq = 0.0836974 : penaltysq = 0.00107092
<#> chisq = 0.0836983 : penaltysq = 0.00107115
<#> chisq = 0.0837002 : penaltysq = 0.00107046
106 0.0836974 0.00356539
<#> chisq = 0.0836979 : penaltysq = 0.00107273
107 0.0836974 0.00356539
<#> chisq = 0.0837029 : penaltysq = 0.00107481
<#> chisq = 0.0836977 : penaltysq = 0.00107108
108 0.0836974 0.00206187
<#> chisq = 0.0837004 : penaltysq = 0.00107345
<#> chisq = 0.0836974 : penaltysq = 0.00107173
109 0.0836974 0.00180115
<#> chisq = 0.0836975 : penaltysq = 0.00107137
110 0.0836974 0.00180115

<> solution:
0 : 3.63831
1 : 1.46402
2 : 5.75124
3 : 1.17995
<>
<#> chisq = 0.0837004 : penaltysq = 0.00107317
<#> chisq = 0.0836975 : penaltysq = 0.0010716
111 0.0836974 0.00105715
<#> chisq = 0.0836977 : penaltysq = 0.00107264
<#> chisq = 0.0836993 : penaltysq = 0.00107186
<#> chisq = 0.0836981 : penaltysq = 0.00107166
<#> chisq = 0.0837013 : penaltysq = 0.0010731
<#> chisq = 0.0837078 : penaltysq = 0.00107132
<#> chisq = 0.0836994 : penaltysq = 0.00107155
112 0.0836974 0.000528575
<#> chisq = 0.0836978 : penaltysq = 0.0010727
113 0.0836974 0.000528575
<#> chisq = 0.0836977 : penaltysq = 0.00107072
114 0.0836974 0.000528575
<#> chisq = 0.0837021 : penaltysq = 0.00107185
<#> chisq = 0.0836991 : penaltysq = 0.00107162
115 0.0836974 0.000477814
<#> chisq = 0.0836986 : penaltysq = 0.00107178
<#> chisq = 0.0837029 : penaltysq = 0.00107174
<#> chisq = 0.0836993 : penaltysq = 0.0010717
<#> chisq = 0.083698 : penaltysq = 0.00107122
<#> chisq = 0.0836988 : penaltysq = 0.00107221
<#> chisq = 0.083698 : penaltysq = 0.00107175
116 0.0836974 0.000238907
<#> chisq = 0.0837004 : penaltysq = 0.00107176
<#> chisq = 0.083698 : penaltysq = 0.00107171
117 0.0836974 0.000234488
<#> chisq = 0.0836977 : penaltysq = 0.001071
118 0.0836974 0.000234488
<#> chisq = 0.0837006 : penaltysq = 0.00107187
<#> chisq = 0.0837035 : penaltysq = 0.00107138
<#> chisq = 0.0837016 : penaltysq = 0.00107172
<#> chisq = 0.0836981 : penaltysq = 0.00107147
<#> chisq = 0.0836974 : penaltysq = 0.00107136
<#> chisq = 0.0836974 : penaltysq = 0.00107174
119 0.0836974 0.000117244
<#> chisq = 0.0837046 : penaltysq = 0.00107143
<#> chisq = 0.0836982 : penaltysq = 0.00107165
120 0.0836974 0.000111525

<> solution:
0 : 3.63831
1 : 1.46402
2 : 5.75124
3 : 1.17995
<>
<#> chisq = 0.0836981 : penaltysq = 0.0010715
<#> chisq = 0.0836974 : penaltysq = 0.00107154
121 0.0836974 0.000110049
<#> chisq = 0.0836974 : penaltysq = 0.00107171
<#> chisq = 0.0836987 : penaltysq = 0.00107165
<#> chisq = 0.0837095 : penaltysq = 0.00107163
<#> chisq = 0.0837043 : penaltysq = 0.00107172
<#> chisq = 0.0837003 : penaltysq = 0.00107154
<#> chisq = 0.0837004 : penaltysq = 0.00107173
!!! converged !!!
122 0.0836974 5.50245e-05
<#> chisq = 0.0836974 : penaltysq = 0.00107173
      err[L2] = 0.00441035    #rmsd of full ts
     err[wL2] = 0.00320995   #weighted rmsd of full ts
    err[Linf] = 0.153722   #highest error in full ts
  err[L2,low] = 0.00394446   #rmsd of low-energy ts 
err[Linf,low] = 0.106774   #highest error in low-energy ts 

>> saving as 'fit-1b.cdl'
