O -0.0005900753 0.0 -0.000452674
H 0.9256102457 0.0 -0.2481132352
H -9.30743e-05 0.0 0.9582869092

O -0.0005900753 2.0 -0.000452674
H 0.9256102457 2.0 -0.2481132352
H -9.30743e-05 2.0 0.9582869092

O -0.0005900753 4.0 -0.000452674
H 0.9256102457 4.0 -0.2481132352
H -9.30743e-05 4.0 0.9582869092

E(0,): -74.96309122
E(1,): -74.96309122
E(2,): -74.96309122
E(0, 1): -149.87016120
E(0, 2): -149.92501805
E(1, 2): -149.87016120
E(0, 1, 2): -224.77596731
N-body energies:
V_1B: -224.88927366
V_2B: 0.11320688
V_3B: 0.00009947
K-body energies:
K(0,)_1B: -74.96309122
K(1,)_1B: -74.96309122
K(2,)_1B: -74.96309122
K(0, 1)_2B: 0.05602124
K(0, 2)_2B: 0.00116440
K(1, 2)_2B: 0.05602124
K(0, 1, 2)_3B: 0.00009947
K-body differences:
V_1B - K_1B: 0.00000000
V_2B - K_2B: 0.00000000
V_3B - K_3B: 0.00000000
--------------
